<?xml version="1.0" encoding="UTF-8"?>
<!-- Generated by org.testng.reporters.JUnitReportReporter -->
<testsuite hostname="alexk-PC" name="com.example.tests.GroupModificationTests" tests="1" failures="0" timestamp="25 May 2014 18:52:50 GMT" time="2.262" errors="0">
  <testcase name="modifySomeGroup" time="2.262" classname="com.example.tests.GroupModificationTests"/>
</testsuite> <!-- com.example.tests.GroupModificationTests -->
