<?xml version="1.0" encoding="UTF-8"?>
<!-- Generated by org.testng.reporters.JUnitReportReporter -->
<testsuite hostname="alexk-PC" name="com.example.tests.GroupRemovalTests" tests="1" failures="0" timestamp="25 May 2014 18:37:33 GMT" time="1.133" errors="0">
  <testcase name="deleteSomeGroup" time="1.133" classname="com.example.tests.GroupRemovalTests"/>
</testsuite> <!-- com.example.tests.GroupRemovalTests -->
